2019-06-13 10:25:29.679 - INFO 7544 [           main] com.bootdo.Monitor1Application           : Starting Monitor1Application on WINDOWS-GBOR4SK with PID 7544 (D:\work\sts-workSpace\precisiontest\Unifieddata\target\classes started by EDZ in D:\work\sts-workSpace\precisiontest\Unifieddata)
2019-06-13 10:25:29.702 -DEBUG 7544 [           main] com.bootdo.Monitor1Application           : Running with Spring Boot v2.0.3.RELEASE, Spring v5.0.7.RELEASE
2019-06-13 10:25:29.704 - INFO 7544 [           main] com.bootdo.Monitor1Application           : The following profiles are active: dev
2019-06-13 10:25:29.864 - INFO 7544 [           main] ConfigServletWebServerApplicationContext : Refreshing org.springframework.boot.web.servlet.context.AnnotationConfigServletWebServerApplicationContext@3cebbb30: startup date [Thu Jun 13 10:25:29 CST 2019]; root of context hierarchy
2019-06-13 10:25:30.920 - INFO 7544 [           main] .s.d.r.c.RepositoryConfigurationDelegate : Multiple Spring Data modules found, entering strict repository configuration mode!
2019-06-13 10:25:31.799 - INFO 7544 [           main] trationDelegate$BeanPostProcessorChecker : Bean 'org.springframework.kafka.annotation.KafkaBootstrapConfiguration' of type [org.springframework.kafka.annotation.KafkaBootstrapConfiguration$$EnhancerBySpringCGLIB$$c7a38e9] is not eligible for getting processed by all BeanPostProcessors (for example: not eligible for auto-proxying)
2019-06-13 10:25:31.916 - INFO 7544 [           main] trationDelegate$BeanPostProcessorChecker : Bean 'org.springframework.transaction.annotation.ProxyTransactionManagementConfiguration' of type [org.springframework.transaction.annotation.ProxyTransactionManagementConfiguration$$EnhancerBySpringCGLIB$$38c82766] is not eligible for getting processed by all BeanPostProcessors (for example: not eligible for auto-proxying)
2019-06-13 10:25:31.969 - INFO 7544 [           main] trationDelegate$BeanPostProcessorChecker : Bean 'shiroConfig' of type [com.bootdo.system.config.ShiroConfig$$EnhancerBySpringCGLIB$$2b21560d] is not eligible for getting processed by all BeanPostProcessors (for example: not eligible for auto-proxying)
2019-06-13 10:25:32.587 - INFO 7544 [           main] trationDelegate$BeanPostProcessorChecker : Bean 'org.springframework.boot.context.properties.ConversionServiceDeducer$Factory' of type [org.springframework.boot.context.properties.ConversionServiceDeducer$Factory] is not eligible for getting processed by all BeanPostProcessors (for example: not eligible for auto-proxying)
2019-06-13 10:25:32.681 - INFO 7544 [           main] trationDelegate$BeanPostProcessorChecker : Bean 'mybatis-org.mybatis.spring.boot.autoconfigure.MybatisProperties' of type [org.mybatis.spring.boot.autoconfigure.MybatisProperties] is not eligible for getting processed by all BeanPostProcessors (for example: not eligible for auto-proxying)
2019-06-13 10:25:32.688 - INFO 7544 [           main] trationDelegate$BeanPostProcessorChecker : Bean 'org.mybatis.spring.boot.autoconfigure.MybatisAutoConfiguration' of type [org.mybatis.spring.boot.autoconfigure.MybatisAutoConfiguration$$EnhancerBySpringCGLIB$$6b9c7896] is not eligible for getting processed by all BeanPostProcessors (for example: not eligible for auto-proxying)
2019-06-13 10:25:32.695 - INFO 7544 [           main] trationDelegate$BeanPostProcessorChecker : Bean 'org.springframework.boot.autoconfigure.jdbc.DataSourceConfiguration$Generic' of type [org.springframework.boot.autoconfigure.jdbc.DataSourceConfiguration$Generic] is not eligible for getting processed by all BeanPostProcessors (for example: not eligible for auto-proxying)
2019-06-13 10:25:32.723 - INFO 7544 [           main] trationDelegate$BeanPostProcessorChecker : Bean 'spring.datasource-org.springframework.boot.autoconfigure.jdbc.DataSourceProperties' of type [org.springframework.boot.autoconfigure.jdbc.DataSourceProperties] is not eligible for getting processed by all BeanPostProcessors (for example: not eligible for auto-proxying)
2019-06-13 10:25:32.817 - INFO 7544 [           main] trationDelegate$BeanPostProcessorChecker : Bean 'dataSource' of type [com.alibaba.druid.pool.DruidDataSource] is not eligible for getting processed by all BeanPostProcessors (for example: not eligible for auto-proxying)
2019-06-13 10:25:32.895 - INFO 7544 [           main] trationDelegate$BeanPostProcessorChecker : Bean 'org.springframework.boot.autoconfigure.jdbc.DataSourceInitializerInvoker' of type [org.springframework.boot.autoconfigure.jdbc.DataSourceInitializerInvoker] is not eligible for getting processed by all BeanPostProcessors (for example: not eligible for auto-proxying)
2019-06-13 10:25:33.288 - INFO 7544 [           main] trationDelegate$BeanPostProcessorChecker : Bean 'sqlSessionFactory' of type [org.apache.ibatis.session.defaults.DefaultSqlSessionFactory] is not eligible for getting processed by all BeanPostProcessors (for example: not eligible for auto-proxying)
2019-06-13 10:25:33.303 - INFO 7544 [           main] trationDelegate$BeanPostProcessorChecker : Bean 'sqlSessionTemplate' of type [org.mybatis.spring.SqlSessionTemplate] is not eligible for getting processed by all BeanPostProcessors (for example: not eligible for auto-proxying)
2019-06-13 10:25:33.309 - INFO 7544 [           main] trationDelegate$BeanPostProcessorChecker : Bean 'userDao' of type [org.mybatis.spring.mapper.MapperFactoryBean] is not eligible for getting processed by all BeanPostProcessors (for example: not eligible for auto-proxying)
2019-06-13 10:25:33.313 - INFO 7544 [           main] trationDelegate$BeanPostProcessorChecker : Bean 'userDao' of type [com.sun.proxy.$Proxy80] is not eligible for getting processed by all BeanPostProcessors (for example: not eligible for auto-proxying)
2019-06-13 10:25:33.321 - INFO 7544 [           main] trationDelegate$BeanPostProcessorChecker : Bean 'roleDao' of type [org.mybatis.spring.mapper.MapperFactoryBean] is not eligible for getting processed by all BeanPostProcessors (for example: not eligible for auto-proxying)
2019-06-13 10:25:33.322 - INFO 7544 [           main] trationDelegate$BeanPostProcessorChecker : Bean 'roleDao' of type [com.sun.proxy.$Proxy82] is not eligible for getting processed by all BeanPostProcessors (for example: not eligible for auto-proxying)
2019-06-13 10:25:33.327 - INFO 7544 [           main] trationDelegate$BeanPostProcessorChecker : Bean 'userRoleDao' of type [org.mybatis.spring.mapper.MapperFactoryBean] is not eligible for getting processed by all BeanPostProcessors (for example: not eligible for auto-proxying)
2019-06-13 10:25:33.328 - INFO 7544 [           main] trationDelegate$BeanPostProcessorChecker : Bean 'userRoleDao' of type [com.sun.proxy.$Proxy83] is not eligible for getting processed by all BeanPostProcessors (for example: not eligible for auto-proxying)
2019-06-13 10:25:33.334 - INFO 7544 [           main] trationDelegate$BeanPostProcessorChecker : Bean 'deptDao' of type [org.mybatis.spring.mapper.MapperFactoryBean] is not eligible for getting processed by all BeanPostProcessors (for example: not eligible for auto-proxying)
2019-06-13 10:25:33.336 - INFO 7544 [           main] trationDelegate$BeanPostProcessorChecker : Bean 'deptDao' of type [com.sun.proxy.$Proxy84] is not eligible for getting processed by all BeanPostProcessors (for example: not eligible for auto-proxying)
2019-06-13 10:25:33.341 - INFO 7544 [           main] trationDelegate$BeanPostProcessorChecker : Bean 'projectUserDao' of type [org.mybatis.spring.mapper.MapperFactoryBean] is not eligible for getting processed by all BeanPostProcessors (for example: not eligible for auto-proxying)
2019-06-13 10:25:33.342 - INFO 7544 [           main] trationDelegate$BeanPostProcessorChecker : Bean 'projectUserDao' of type [com.sun.proxy.$Proxy85] is not eligible for getting processed by all BeanPostProcessors (for example: not eligible for auto-proxying)
2019-06-13 10:25:33.346 - INFO 7544 [           main] trationDelegate$BeanPostProcessorChecker : Bean 'bootdoConfig' of type [com.bootdo.common.config.BootdoConfig] is not eligible for getting processed by all BeanPostProcessors (for example: not eligible for auto-proxying)
2019-06-13 10:25:33.348 - INFO 7544 [           main] trationDelegate$BeanPostProcessorChecker : Bean 'userServiceImpl' of type [com.bootdo.system.service.impl.UserServiceImpl] is not eligible for getting processed by all BeanPostProcessors (for example: not eligible for auto-proxying)
2019-06-13 10:25:33.393 - INFO 7544 [           main] trationDelegate$BeanPostProcessorChecker : Bean 'userRealm' of type [com.bootdo.system.shiro.UserRealm] is not eligible for getting processed by all BeanPostProcessors (for example: not eligible for auto-proxying)
2019-06-13 10:25:33.410 - INFO 7544 [           main] trationDelegate$BeanPostProcessorChecker : Bean 'redisManager' of type [com.bootdo.common.redis.shiro.RedisManager] is not eligible for getting processed by all BeanPostProcessors (for example: not eligible for auto-proxying)
2019-06-13 10:25:33.410 -DEBUG 7544 [           main] c.b.c.redis.shiro.RedisCacheManager      : 获取名称为: com.bootdo.system.shiro.UserRealm.authorizationCache 的RedisCache实例
2019-06-13 10:25:33.432 - INFO 7544 [           main] trationDelegate$BeanPostProcessorChecker : Bean 'sessionIdCookie' of type [org.apache.shiro.web.servlet.SimpleCookie] is not eligible for getting processed by all BeanPostProcessors (for example: not eligible for auto-proxying)
2019-06-13 10:25:33.439 - INFO 7544 [           main] trationDelegate$BeanPostProcessorChecker : Bean 'redisSessionDAO' of type [com.bootdo.common.redis.shiro.RedisSessionDAO] is not eligible for getting processed by all BeanPostProcessors (for example: not eligible for auto-proxying)
2019-06-13 10:25:33.440 - INFO 7544 [           main] trationDelegate$BeanPostProcessorChecker : Bean 'sessionDAO' of type [com.bootdo.common.redis.shiro.RedisSessionDAO] is not eligible for getting processed by all BeanPostProcessors (for example: not eligible for auto-proxying)
2019-06-13 10:25:33.460 - INFO 7544 [           main] trationDelegate$BeanPostProcessorChecker : Bean 'sessionManager' of type [org.apache.shiro.web.session.mgt.DefaultWebSessionManager] is not eligible for getting processed by all BeanPostProcessors (for example: not eligible for auto-proxying)
2019-06-13 10:25:33.485 - INFO 7544 [           main] trationDelegate$BeanPostProcessorChecker : Bean 'securityManager' of type [org.apache.shiro.web.mgt.DefaultWebSecurityManager] is not eligible for getting processed by all BeanPostProcessors (for example: not eligible for auto-proxying)
2019-06-13 10:25:33.515 - INFO 7544 [           main] trationDelegate$BeanPostProcessorChecker : Bean 'authorizationAttributeSourceAdvisor' of type [org.apache.shiro.spring.security.interceptor.AuthorizationAttributeSourceAdvisor] is not eligible for getting processed by all BeanPostProcessors (for example: not eligible for auto-proxying)
2019-06-13 10:25:33.881 - INFO 7544 [           main] o.s.b.w.embedded.tomcat.TomcatWebServer  : Tomcat initialized with port(s): 8083 (http)
2019-06-13 10:25:33.900 - INFO 7544 [           main] o.a.coyote.http11.Http11NioProtocol      : Initializing ProtocolHandler ["http-nio-8083"]
2019-06-13 10:25:33.916 - INFO 7544 [           main] o.apache.catalina.core.StandardService   : Starting service [Tomcat]
2019-06-13 10:25:33.916 - INFO 7544 [           main] org.apache.catalina.core.StandardEngine  : Starting Servlet Engine: Apache Tomcat/8.5.31
2019-06-13 10:25:33.921 - INFO 7544 [ost-startStop-1] o.a.catalina.core.AprLifecycleListener   : The APR based Apache Tomcat Native library which allows optimal performance in production environments was not found on the java.library.path: [D:\Program Files\Java\jdk1.8.0_211\bin;C:\Windows\Sun\Java\bin;C:\Windows\system32;C:\Windows;C:\Program Files (x86)\Common Files\Oracle\Java\javapath;D:\app\EDZ\product\11.2.0\dbhome_1\bin;C:\Windows\system32;C:\Windows;C:\Windows\System32\Wbem;C:\Windows\System32\WindowsPowerShell\v1.0\;C:\Program Files (x86)\Intel\Services\IPT\;D:\Program Files\Java\jdk1.8.0_211\bin;D:\Program Files\Java\jdk1.8.0_211\jre\bin;D:\dev\apache-maven-3.2.3\bin;D:\dev\nodejs;D:\dev\TortoiseSVN\bin;D:\dev\SVNServer\bin;D:\dev\TortoiseGit\bin;D:\dev\apache-ant-1.9.13\bin;D:\work\zookeeper-3.5.4-beta\bin;D:\work\kafka_2.11-2.2.0\bin;%MYSQL%/bin;C:\Program Files\MySQL\MySQL Server 5.7/bin;D:\dev\Git\cmd;C:\Users\EDZ\AppData\Roaming\npm;D:\dev\Microsoft VS Code\bin;D:\Program Files\Docker Toolbox;D:\Program Files\Docker Toolbox;.]
2019-06-13 10:25:34.088 - INFO 7544 [ost-startStop-1] o.a.c.c.C.[Tomcat].[localhost].[/myapi]  : Initializing Spring embedded WebApplicationContext
2019-06-13 10:25:34.089 - INFO 7544 [ost-startStop-1] o.s.web.context.ContextLoader            : Root WebApplicationContext: initialization completed in 4225 ms
2019-06-13 10:25:34.366 - INFO 7544 [ost-startStop-1] o.s.b.w.servlet.ServletRegistrationBean  : Servlet dispatcherServlet mapped to [/]
2019-06-13 10:25:34.373 - INFO 7544 [ost-startStop-1] o.s.b.w.servlet.FilterRegistrationBean   : Mapping filter: 'characterEncodingFilter' to: [/*]
2019-06-13 10:25:34.374 - INFO 7544 [ost-startStop-1] o.s.b.w.servlet.FilterRegistrationBean   : Mapping filter: 'hiddenHttpMethodFilter' to: [/*]
2019-06-13 10:25:34.374 - INFO 7544 [ost-startStop-1] o.s.b.w.servlet.FilterRegistrationBean   : Mapping filter: 'httpPutFormContentFilter' to: [/*]
2019-06-13 10:25:34.374 - INFO 7544 [ost-startStop-1] o.s.b.w.servlet.FilterRegistrationBean   : Mapping filter: 'requestContextFilter' to: [/*]
2019-06-13 10:25:34.374 - INFO 7544 [ost-startStop-1] o.s.b.w.servlet.FilterRegistrationBean   : Mapping filter: 'shiroFilterFactoryBean' to: [/*]
2019-06-13 10:25:34.421 -DEBUG 7544 [           main] c.b.c.config.ApplicationContextRegister  : ApplicationContext registed-->org.springframework.boot.web.servlet.context.AnnotationConfigServletWebServerApplicationContext@3cebbb30: startup date [Thu Jun 13 10:25:29 CST 2019]; root of context hierarchy
2019-06-13 10:25:34.801 -ERROR 7544 [           main] com.alibaba.druid.pool.DruidDataSource   : testWhileIdle is true, validationQuery not set
2019-06-13 10:25:34.811 - INFO 7544 [           main] com.alibaba.druid.pool.DruidDataSource   : {dataSource-1} inited
2019-06-13 10:25:34.929 - INFO 7544 [           main] org.quartz.impl.StdSchedulerFactory      : Using default implementation for ThreadExecutor
2019-06-13 10:25:34.939 - INFO 7544 [           main] org.quartz.core.SchedulerSignalerImpl    : Initialized Scheduler Signaller of type: class org.quartz.core.SchedulerSignalerImpl
2019-06-13 10:25:34.941 - INFO 7544 [           main] org.quartz.core.QuartzScheduler          : Quartz Scheduler v.2.2.1 created.
2019-06-13 10:25:34.942 - INFO 7544 [           main] org.quartz.simpl.RAMJobStore             : RAMJobStore initialized.
2019-06-13 10:25:34.943 - INFO 7544 [           main] org.quartz.core.QuartzScheduler          : Scheduler meta-data: Quartz Scheduler (v2.2.1) 'schedulerFactoryBean' with instanceId 'NON_CLUSTERED'
  Scheduler class: 'org.quartz.core.QuartzScheduler' - running locally.
  NOT STARTED.
  Currently in standby mode.
  Number of jobs executed: 0
  Using thread pool 'org.quartz.simpl.SimpleThreadPool' - with 10 threads.
  Using job-store 'org.quartz.simpl.RAMJobStore' - which does not support persistence. and is not clustered.

2019-06-13 10:25:34.943 - INFO 7544 [           main] org.quartz.impl.StdSchedulerFactory      : Quartz scheduler 'schedulerFactoryBean' initialized from an externally provided properties instance.
2019-06-13 10:25:34.943 - INFO 7544 [           main] org.quartz.impl.StdSchedulerFactory      : Quartz scheduler version: 2.2.1
2019-06-13 10:25:34.944 - INFO 7544 [           main] org.quartz.core.QuartzScheduler          : JobFactory set to: org.springframework.scheduling.quartz.AdaptableJobFactory@6fbb4061
2019-06-13 10:25:35.006 - WARN 7544 [           main] n.s.ehcache.config.ConfigurationFactory  : No configuration found. Configuring ehcache from ehcache-failsafe.xml  found in the classpath: jar:file:/D:/m2/repository/net/sf/ehcache/ehcache/2.10.5/ehcache-2.10.5.jar!/ehcache-failsafe.xml
2019-06-13 10:25:35.106 - INFO 7544 [           main] o.s.s.concurrent.ThreadPoolTaskExecutor  : Initializing ExecutorService 
2019-06-13 10:25:35.114 - INFO 7544 [           main] o.s.s.concurrent.ThreadPoolTaskExecutor  : Initializing ExecutorService  'executer'
2019-06-13 10:25:35.229 - INFO 7544 [           main] o.s.w.s.handler.SimpleUrlHandlerMapping  : Mapped URL path [/**/favicon.ico] onto handler of type [class org.springframework.web.servlet.resource.ResourceHttpRequestHandler]
2019-06-13 10:25:35.574 - INFO 7544 [           main] s.w.s.m.m.a.RequestMappingHandlerAdapter : Looking for @ControllerAdvice: org.springframework.boot.web.servlet.context.AnnotationConfigServletWebServerApplicationContext@3cebbb30: startup date [Thu Jun 13 10:25:29 CST 2019]; root of context hierarchy
2019-06-13 10:25:35.649 - INFO 7544 [           main] s.w.s.m.m.a.RequestMappingHandlerMapping : Mapped "{[/data],produces=[application/json]}" onto public java.lang.String com.bootdo.common.controller.DataController.getData(java.lang.String,java.lang.String)
2019-06-13 10:25:35.654 - INFO 7544 [           main] s.w.s.m.m.a.RequestMappingHandlerMapping : Mapped "{[/common/dict/batchRemove],methods=[POST]}" onto public com.bootdo.common.utils.R com.bootdo.common.controller.DictController.remove(java.lang.Long[])
2019-06-13 10:25:35.655 - INFO 7544 [           main] s.w.s.m.m.a.RequestMappingHandlerMapping : Mapped "{[/common/dict/remove/{id}],methods=[GET]}" onto public com.bootdo.common.utils.R com.bootdo.common.controller.DictController.remove(java.lang.Long)
2019-06-13 10:25:35.655 - INFO 7544 [           main] s.w.s.m.m.a.RequestMappingHandlerMapping : Mapped "{[/common/dict/update]}" onto public com.bootdo.common.utils.R com.bootdo.common.controller.DictController.update(com.bootdo.common.domain.DictDO)
2019-06-13 10:25:35.655 - INFO 7544 [           main] s.w.s.m.m.a.RequestMappingHandlerMapping : Mapped "{[/common/dict/list],methods=[POST]}" onto public com.bootdo.common.utils.R com.bootdo.common.controller.DictController.list(java.util.Map<java.lang.String, java.lang.Object>)
2019-06-13 10:25:35.656 - INFO 7544 [           main] s.w.s.m.m.a.RequestMappingHandlerMapping : Mapped "{[/common/dict/save],methods=[POST]}" onto public com.bootdo.common.utils.R com.bootdo.common.controller.DictController.save(com.bootdo.common.domain.DictDO)
2019-06-13 10:25:35.656 - INFO 7544 [           main] s.w.s.m.m.a.RequestMappingHandlerMapping : Mapped "{[/common/dict/tree],methods=[GET]}" onto public com.bootdo.common.utils.R com.bootdo.common.controller.DictController.tree()
2019-06-13 10:25:35.656 - INFO 7544 [           main] s.w.s.m.m.a.RequestMappingHandlerMapping : Mapped "{[/common/dict/type],methods=[GET]}" onto public com.bootdo.common.utils.R com.bootdo.common.controller.DictController.listType()
2019-06-13 10:25:35.657 - INFO 7544 [           main] s.w.s.m.m.a.RequestMappingHandlerMapping : Mapped "{[/common/dict/edit/{id}],methods=[GET]}" onto public com.bootdo.common.utils.R com.bootdo.common.controller.DictController.edit(java.lang.Long,org.springframework.ui.Model)
2019-06-13 10:25:35.657 - INFO 7544 [           main] s.w.s.m.m.a.RequestMappingHandlerMapping : Mapped "{[/common/dict/add/{type}/{description}],methods=[GET]}" onto com.bootdo.common.utils.R com.bootdo.common.controller.DictController.addD(org.springframework.ui.Model,java.lang.String,java.lang.String)
2019-06-13 10:25:35.660 - INFO 7544 [           main] s.w.s.m.m.a.RequestMappingHandlerMapping : Mapped "{[/common/sysFile/add],methods=[GET]}" onto java.lang.String com.bootdo.common.controller.FileController.add()
2019-06-13 10:25:35.660 - INFO 7544 [           main] s.w.s.m.m.a.RequestMappingHandlerMapping : Mapped "{[/common/sysFile/remove],methods=[POST]}" onto public com.bootdo.common.utils.R com.bootdo.common.controller.FileController.remove(java.lang.String,javax.servlet.http.HttpServletRequest)
2019-06-13 10:25:35.661 - INFO 7544 [           main] s.w.s.m.m.a.RequestMappingHandlerMapping : Mapped "{[/common/sysFile/batchRemove],methods=[POST]}" onto public com.bootdo.common.utils.R com.bootdo.common.controller.FileController.remove(java.lang.String[])
2019-06-13 10:25:35.661 - INFO 7544 [           main] s.w.s.m.m.a.RequestMappingHandlerMapping : Mapped "{[/common/sysFile/update]}" onto public com.bootdo.common.utils.R com.bootdo.common.controller.FileController.update(com.bootdo.common.domain.FileDO)
2019-06-13 10:25:35.661 - INFO 7544 [           main] s.w.s.m.m.a.RequestMappingHandlerMapping : Mapped "{[/common/sysFile/list],methods=[GET]}" onto public com.bootdo.common.utils.PageUtils com.bootdo.common.controller.FileController.list(java.util.Map<java.lang.String, java.lang.Object>)
2019-06-13 10:25:35.662 - INFO 7544 [           main] s.w.s.m.m.a.RequestMappingHandlerMapping : Mapped "{[/common/sysFile/save],methods=[POST]}" onto public com.bootdo.common.utils.R com.bootdo.common.controller.FileController.save(com.bootdo.common.domain.FileDO)
2019-06-13 10:25:35.662 - INFO 7544 [           main] s.w.s.m.m.a.RequestMappingHandlerMapping : Mapped "{[/common/sysFile/info/{id}]}" onto public com.bootdo.common.utils.R com.bootdo.common.controller.FileController.info(java.lang.String)
2019-06-13 10:25:35.662 - INFO 7544 [           main] s.w.s.m.m.a.RequestMappingHandlerMapping : Mapped "{[/common/sysFile/edit],methods=[GET]}" onto java.lang.String com.bootdo.common.controller.FileController.edit(java.lang.String,org.springframework.ui.Model)
2019-06-13 10:25:35.663 - INFO 7544 [           main] s.w.s.m.m.a.RequestMappingHandlerMapping : Mapped "{[/common/sysFile],methods=[GET]}" onto java.lang.String com.bootdo.common.controller.FileController.sysFile(org.springframework.ui.Model)
2019-06-13 10:25:35.663 - INFO 7544 [           main] s.w.s.m.m.a.RequestMappingHandlerMapping : Mapped "{[/common/sysFile/upload],methods=[POST]}" onto com.bootdo.common.utils.R com.bootdo.common.controller.FileController.upload(org.springframework.web.multipart.MultipartFile,java.lang.String,javax.servlet.http.HttpServletRequest)
2019-06-13 10:25:35.664 - INFO 7544 [           main] s.w.s.m.m.a.RequestMappingHandlerMapping : Mapped "{[/common/generator/code/{table}],methods=[GET]}" onto public void com.bootdo.common.controller.GeneratorController.code(javax.servlet.http.HttpServletRequest,javax.servlet.http.HttpServletResponse,java.lang.String) throws java.lang.Exception
2019-06-13 10:25:35.664 - INFO 7544 [           main] s.w.s.m.m.a.RequestMappingHandlerMapping : Mapped "{[/error]}" onto public com.bootdo.common.utils.R com.bootdo.common.exception.MainsiteErrorController.handleError(javax.servlet.http.HttpServletRequest,javax.servlet.http.HttpServletResponse)
2019-06-13 10:25:35.667 - INFO 7544 [           main] s.w.s.m.m.a.RequestMappingHandlerMapping : Mapped "{[/system/sysDept/remove],methods=[POST]}" onto public com.bootdo.common.utils.R com.bootdo.system.controller.DeptController.remove(java.lang.Long)
2019-06-13 10:25:35.667 - INFO 7544 [           main] s.w.s.m.m.a.RequestMappingHandlerMapping : Mapped "{[/system/sysDept/batchRemove],methods=[POST]}" onto public com.bootdo.common.utils.R com.bootdo.system.controller.DeptController.remove(java.lang.Long[])
2019-06-13 10:25:35.668 - INFO 7544 [           main] s.w.s.m.m.a.RequestMappingHandlerMapping : Mapped "{[/system/sysDept/update]}" onto public com.bootdo.common.utils.R com.bootdo.system.controller.DeptController.update(com.bootdo.system.domain.DeptDO)
2019-06-13 10:25:35.668 - INFO 7544 [           main] s.w.s.m.m.a.RequestMappingHandlerMapping : Mapped "{[/system/sysDept/list],methods=[GET]}" onto public com.bootdo.common.utils.R com.bootdo.system.controller.DeptController.list()
2019-06-13 10:25:35.668 - INFO 7544 [           main] s.w.s.m.m.a.RequestMappingHandlerMapping : Mapped "{[/system/sysDept/save],methods=[POST]}" onto public com.bootdo.common.utils.R com.bootdo.system.controller.DeptController.save(com.bootdo.system.domain.DeptDO)
2019-06-13 10:25:35.668 - INFO 7544 [           main] s.w.s.m.m.a.RequestMappingHandlerMapping : Mapped "{[/system/sysDept/tree],methods=[GET]}" onto public com.bootdo.common.utils.R com.bootdo.system.controller.DeptController.tree()
2019-06-13 10:25:35.668 - INFO 7544 [           main] s.w.s.m.m.a.RequestMappingHandlerMapping : Mapped "{[/system/sysDept/edit/{deptId}],methods=[GET]}" onto public com.bootdo.common.utils.R com.bootdo.system.controller.DeptController.edit(java.lang.Long,org.springframework.ui.Model)
2019-06-13 10:25:35.669 - INFO 7544 [           main] s.w.s.m.m.a.RequestMappingHandlerMapping : Mapped "{[/system/sysDept/getparent/{pId}],methods=[GET]}" onto public com.bootdo.common.utils.R com.bootdo.system.controller.DeptController.getParentdept(java.lang.Long,org.springframework.ui.Model)
2019-06-13 10:25:35.672 - INFO 7544 [           main] s.w.s.m.m.a.RequestMappingHandlerMapping : Mapped "{[/index],methods=[GET]}" onto com.bootdo.common.utils.R com.bootdo.system.controller.LoginController.index(org.springframework.ui.Model)
2019-06-13 10:25:35.672 - INFO 7544 [           main] s.w.s.m.m.a.RequestMappingHandlerMapping : Mapped "{[/logout],methods=[GET]}" onto com.bootdo.common.utils.R com.bootdo.system.controller.LoginController.logout()
2019-06-13 10:25:35.672 - INFO 7544 [           main] s.w.s.m.m.a.RequestMappingHandlerMapping : Mapped "{[/login],methods=[POST]}" onto com.bootdo.common.utils.R com.bootdo.system.controller.LoginController.ajaxLogin(java.util.Map<java.lang.String, java.lang.Object>)
2019-06-13 10:25:35.672 - INFO 7544 [           main] s.w.s.m.m.a.RequestMappingHandlerMapping : Mapped "{[/unauth]}" onto public java.lang.Object com.bootdo.system.controller.LoginController.unauth()
2019-06-13 10:25:35.675 - INFO 7544 [           main] s.w.s.m.m.a.RequestMappingHandlerMapping : Mapped "{[/sys/menu/remove/{id}],methods=[GET]}" onto com.bootdo.common.utils.R com.bootdo.system.controller.MenuController.remove(java.lang.Long)
2019-06-13 10:25:35.675 - INFO 7544 [           main] s.w.s.m.m.a.RequestMappingHandlerMapping : Mapped "{[/sys/menu/update],methods=[POST]}" onto com.bootdo.common.utils.R com.bootdo.system.controller.MenuController.update(com.bootdo.system.domain.MenuDO)
2019-06-13 10:25:35.676 - INFO 7544 [           main] s.w.s.m.m.a.RequestMappingHandlerMapping : Mapped "{[/sys/menu/list]}" onto com.bootdo.common.utils.R com.bootdo.system.controller.MenuController.list(java.util.Map<java.lang.String, java.lang.Object>)
2019-06-13 10:25:35.676 - INFO 7544 [           main] s.w.s.m.m.a.RequestMappingHandlerMapping : Mapped "{[/sys/menu/save],methods=[POST]}" onto com.bootdo.common.utils.R com.bootdo.system.controller.MenuController.save(com.bootdo.system.domain.MenuDO)
2019-06-13 10:25:35.676 - INFO 7544 [           main] s.w.s.m.m.a.RequestMappingHandlerMapping : Mapped "{[/sys/menu/tree/{roleId}],methods=[GET]}" onto com.bootdo.common.utils.R com.bootdo.system.controller.MenuController.tree(java.lang.Long)
2019-06-13 10:25:35.676 - INFO 7544 [           main] s.w.s.m.m.a.RequestMappingHandlerMapping : Mapped "{[/sys/menu/tree],methods=[GET]}" onto com.bootdo.common.utils.R com.bootdo.system.controller.MenuController.tree()
2019-06-13 10:25:35.676 - INFO 7544 [           main] s.w.s.m.m.a.RequestMappingHandlerMapping : Mapped "{[/sys/menu/edit/{id}],methods=[GET]}" onto com.bootdo.common.utils.R com.bootdo.system.controller.MenuController.edit(org.springframework.ui.Model,java.lang.Long)
2019-06-13 10:25:35.677 - INFO 7544 [           main] s.w.s.m.m.a.RequestMappingHandlerMapping : Mapped "{[/sys/menu/getPmenu/{pId}],methods=[GET]}" onto com.bootdo.common.utils.R com.bootdo.system.controller.MenuController.getPmenu(org.springframework.ui.Model,java.lang.Long)
2019-06-13 10:25:35.681 - INFO 7544 [           main] s.w.s.m.m.a.RequestMappingHandlerMapping : Mapped "{[/sys/role/remove/{id}],methods=[GET]}" onto com.bootdo.common.utils.R com.bootdo.system.controller.RoleController.remove(java.lang.Long)
2019-06-13 10:25:35.681 - INFO 7544 [           main] s.w.s.m.m.a.RequestMappingHandlerMapping : Mapped "{[/sys/role/update],methods=[POST]}" onto com.bootdo.common.utils.R com.bootdo.system.controller.RoleController.update(com.bootdo.system.domain.RoleDO)
2019-06-13 10:25:35.681 - INFO 7544 [           main] s.w.s.m.m.a.RequestMappingHandlerMapping : Mapped "{[/sys/role/list],methods=[GET]}" onto com.bootdo.common.utils.R com.bootdo.system.controller.RoleController.list()
2019-06-13 10:25:35.681 - INFO 7544 [           main] s.w.s.m.m.a.RequestMappingHandlerMapping : Mapped "{[/sys/role/save],methods=[POST]}" onto com.bootdo.common.utils.R com.bootdo.system.controller.RoleController.save(com.bootdo.system.domain.RoleDO)
2019-06-13 10:25:35.682 - INFO 7544 [           main] s.w.s.m.m.a.RequestMappingHandlerMapping : Mapped "{[/sys/role/batchRemove],methods=[POST]}" onto com.bootdo.common.utils.R com.bootdo.system.controller.RoleController.batchRemove(java.lang.Long[])
2019-06-13 10:25:35.682 - INFO 7544 [           main] s.w.s.m.m.a.RequestMappingHandlerMapping : Mapped "{[/sys/role/edit/{id}],methods=[GET]}" onto com.bootdo.common.utils.R com.bootdo.system.controller.RoleController.edit(java.lang.Long,org.springframework.ui.Model)
2019-06-13 10:25:35.683 - INFO 7544 [           main] s.w.s.m.m.a.RequestMappingHandlerMapping : Mapped "{[/sys/online/list]}" onto public java.util.List<com.bootdo.system.domain.UserOnline> com.bootdo.system.controller.SessionController.list()
2019-06-13 10:25:35.683 - INFO 7544 [           main] s.w.s.m.m.a.RequestMappingHandlerMapping : Mapped "{[/sys/online],methods=[GET]}" onto public java.lang.String com.bootdo.system.controller.SessionController.online()
2019-06-13 10:25:35.684 - INFO 7544 [           main] s.w.s.m.m.a.RequestMappingHandlerMapping : Mapped "{[/sys/online/forceLogout/{sessionId}]}" onto public com.bootdo.common.utils.R com.bootdo.system.controller.SessionController.forceLogout(java.lang.String,org.springframework.web.servlet.mvc.support.RedirectAttributes)
2019-06-13 10:25:35.684 - INFO 7544 [           main] s.w.s.m.m.a.RequestMappingHandlerMapping : Mapped "{[/sys/online/sessionList]}" onto public java.util.Collection<org.apache.shiro.session.Session> com.bootdo.system.controller.SessionController.sessionList()
2019-06-13 10:25:35.690 - INFO 7544 [           main] s.w.s.m.m.a.RequestMappingHandlerMapping : Mapped "{[/sys/user/exit],methods=[POST]}" onto com.bootdo.common.utils.R com.bootdo.system.controller.UserController.exit(java.util.Map<java.lang.String, java.lang.Object>)
2019-06-13 10:25:35.691 - INFO 7544 [           main] s.w.s.m.m.a.RequestMappingHandlerMapping : Mapped "{[/sys/user/remove/{id}],methods=[GET]}" onto com.bootdo.common.utils.R com.bootdo.system.controller.UserController.remove(java.lang.Long)
2019-06-13 10:25:35.691 - INFO 7544 [           main] s.w.s.m.m.a.RequestMappingHandlerMapping : Mapped "{[/sys/user/update],methods=[POST]}" onto com.bootdo.common.utils.R com.bootdo.system.controller.UserController.update(com.bootdo.system.domain.UserDO)
2019-06-13 10:25:35.691 - INFO 7544 [           main] s.w.s.m.m.a.RequestMappingHandlerMapping : Mapped "{[/sys/user/list]}" onto com.bootdo.common.utils.R com.bootdo.system.controller.UserController.list(java.util.Map<java.lang.String, java.lang.Object>)
2019-06-13 10:25:35.692 - INFO 7544 [           main] s.w.s.m.m.a.RequestMappingHandlerMapping : Mapped "{[/sys/user/save],methods=[POST]}" onto com.bootdo.common.utils.R com.bootdo.system.controller.UserController.save(com.bootdo.system.domain.UserDO)
2019-06-13 10:25:35.692 - INFO 7544 [           main] s.w.s.m.m.a.RequestMappingHandlerMapping : Mapped "{[/sys/user/batchRemove],methods=[POST]}" onto com.bootdo.common.utils.R com.bootdo.system.controller.UserController.batchRemove(java.lang.Long[])
2019-06-13 10:25:35.692 - INFO 7544 [           main] s.w.s.m.m.a.RequestMappingHandlerMapping : Mapped "{[/sys/user/tree],methods=[GET]}" onto com.bootdo.common.utils.R com.bootdo.system.controller.UserController.tree()
2019-06-13 10:25:35.692 - INFO 7544 [           main] s.w.s.m.m.a.RequestMappingHandlerMapping : Mapped "{[/sys/user/getUser],methods=[POST]}" onto public com.bootdo.common.utils.R com.bootdo.system.controller.UserController.getUser(java.lang.String,java.lang.String,java.lang.String)
2019-06-13 10:25:35.693 - INFO 7544 [           main] s.w.s.m.m.a.RequestMappingHandlerMapping : Mapped "{[/sys/user/edit/{id}],methods=[GET]}" onto com.bootdo.common.utils.R com.bootdo.system.controller.UserController.edit(org.springframework.ui.Model,java.lang.Long)
2019-06-13 10:25:35.693 - INFO 7544 [           main] s.w.s.m.m.a.RequestMappingHandlerMapping : Mapped "{[/sys/user/add],methods=[GET]}" onto com.bootdo.common.utils.R com.bootdo.system.controller.UserController.getRoles(org.springframework.ui.Model)
2019-06-13 10:25:35.693 - INFO 7544 [           main] s.w.s.m.m.a.RequestMappingHandlerMapping : Mapped "{[/sys/user/updatePeronal],methods=[POST]}" onto com.bootdo.common.utils.R com.bootdo.system.controller.UserController.updatePeronal(com.bootdo.system.domain.UserDO)
2019-06-13 10:25:35.693 - INFO 7544 [           main] s.w.s.m.m.a.RequestMappingHandlerMapping : Mapped "{[/sys/user/resetPwd/{id}],methods=[GET]}" onto com.bootdo.common.utils.R com.bootdo.system.controller.UserController.resetPwd(java.lang.Long,org.springframework.ui.Model)
2019-06-13 10:25:35.694 - INFO 7544 [           main] s.w.s.m.m.a.RequestMappingHandlerMapping : Mapped "{[/sys/user/resetPwd],methods=[POST]}" onto com.bootdo.common.utils.R com.bootdo.system.controller.UserController.resetPwd(com.bootdo.system.vo.UserVO)
2019-06-13 10:25:35.694 - INFO 7544 [           main] s.w.s.m.m.a.RequestMappingHandlerMapping : Mapped "{[/sys/user/adminResetPwd],methods=[POST]}" onto com.bootdo.common.utils.R com.bootdo.system.controller.UserController.adminResetPwd(com.bootdo.system.vo.UserVO)
2019-06-13 10:25:35.694 - INFO 7544 [           main] s.w.s.m.m.a.RequestMappingHandlerMapping : Mapped "{[/sys/user/personal],methods=[GET]}" onto com.bootdo.common.utils.R com.bootdo.system.controller.UserController.personal(org.springframework.ui.Model)
2019-06-13 10:25:35.694 - INFO 7544 [           main] s.w.s.m.m.a.RequestMappingHandlerMapping : Mapped "{[/sys/user/uploadImg],methods=[POST]}" onto com.bootdo.common.utils.R com.bootdo.system.controller.UserController.uploadImg(org.springframework.web.multipart.MultipartFile,java.lang.String,javax.servlet.http.HttpServletRequest)
2019-06-13 10:25:35.695 - INFO 7544 [           main] s.w.s.m.m.a.RequestMappingHandlerMapping : Mapped "{[/sys/user/getEmpData],methods=[POST]}" onto public java.util.List<java.util.Map<java.lang.String, java.lang.Object>> com.bootdo.system.controller.UserController.getEmpData()
2019-06-13 10:25:35.695 - INFO 7544 [           main] s.w.s.m.m.a.RequestMappingHandlerMapping : Mapped "{[/sys/user/getProjectUser/{projectId}],methods=[GET]}" onto public com.bootdo.common.utils.R com.bootdo.system.controller.UserController.getProjectUser(java.lang.String)
2019-06-13 10:25:35.695 - INFO 7544 [           main] s.w.s.m.m.a.RequestMappingHandlerMapping : Mapped "{[/sys/user/isRepeat],methods=[POST]}" onto com.bootdo.common.utils.R com.bootdo.system.controller.UserController.isRepeat(java.lang.String,java.lang.String,java.lang.String)
2019-06-13 10:25:35.695 - INFO 7544 [           main] s.w.s.m.m.a.RequestMappingHandlerMapping : Mapped "{[/sys/user/saveUserForProject],methods=[POST]}" onto public com.bootdo.common.utils.R com.bootdo.system.controller.UserController.saveUserForProject(java.util.Map<java.lang.String, java.lang.Object>)
2019-06-13 10:25:35.696 - INFO 7544 [           main] s.w.s.m.m.a.RequestMappingHandlerMapping : Mapped "{[/quartz/trigger]}" onto public java.lang.String com.bootdo.test.TestController.trigger(java.lang.String) throws java.lang.Exception
2019-06-13 10:25:35.696 - INFO 7544 [           main] s.w.s.m.m.a.RequestMappingHandlerMapping : Mapped "{[/quartz/start]}" onto public java.lang.String com.bootdo.test.TestController.start() throws org.quartz.SchedulerException
2019-06-13 10:25:35.697 - INFO 7544 [           main] s.w.s.m.m.a.RequestMappingHandlerMapping : Mapped "{[/quartz/stop]}" onto public java.lang.String com.bootdo.test.TestController.stop() throws org.quartz.SchedulerException
2019-06-13 10:25:35.759 - INFO 7544 [           main] o.s.w.s.handler.SimpleUrlHandlerMapping  : Mapped URL path [/webjars/**] onto handler of type [class org.springframework.web.servlet.resource.ResourceHttpRequestHandler]
2019-06-13 10:25:35.759 - INFO 7544 [           main] o.s.w.s.handler.SimpleUrlHandlerMapping  : Mapped URL path [/**] onto handler of type [class org.springframework.web.servlet.resource.ResourceHttpRequestHandler]
2019-06-13 10:25:35.784 - INFO 7544 [           main] .m.m.a.ExceptionHandlerExceptionResolver : Detected @ExceptionHandler methods in BDExceptionHandler
2019-06-13 10:25:37.032 - INFO 7544 [           main] o.s.j.e.a.AnnotationMBeanExporter        : Registering beans for JMX exposure on startup
2019-06-13 10:25:37.034 - INFO 7544 [           main] o.s.j.e.a.AnnotationMBeanExporter        : Bean with name 'dataSource' has been autodetected for JMX exposure
2019-06-13 10:25:37.042 - INFO 7544 [           main] o.s.j.e.a.AnnotationMBeanExporter        : Located MBean 'dataSource': registering with JMX server as MBean [com.alibaba.druid.pool:name=dataSource,type=DruidDataSource]
2019-06-13 10:25:37.048 - INFO 7544 [           main] o.s.c.support.DefaultLifecycleProcessor  : Starting beans in phase 2147483547
2019-06-13 10:25:37.049 - INFO 7544 [           main] o.s.c.support.DefaultLifecycleProcessor  : Starting beans in phase 2147483647
2019-06-13 10:25:37.049 - INFO 7544 [           main] o.s.s.quartz.SchedulerFactoryBean        : Starting Quartz Scheduler now
2019-06-13 10:25:37.049 - INFO 7544 [           main] org.quartz.core.QuartzScheduler          : Scheduler schedulerFactoryBean_$_NON_CLUSTERED started.
2019-06-13 10:25:37.061 - INFO 7544 [           main] o.a.coyote.http11.Http11NioProtocol      : Starting ProtocolHandler ["http-nio-8083"]
2019-06-13 10:25:37.077 - INFO 7544 [           main] o.a.tomcat.util.net.NioSelectorPool      : Using a shared selector for servlet write/read
2019-06-13 10:25:37.095 - INFO 7544 [           main] o.s.b.w.embedded.tomcat.TomcatWebServer  : Tomcat started on port(s): 8083 (http) with context path '/myapi'
2019-06-13 10:25:37.100 - INFO 7544 [           main] com.bootdo.Monitor1Application           : Started Monitor1Application in 8.15 seconds (JVM running for 9.134)
2019-06-13 10:25:50.042 - INFO 7544 [on(2)-127.0.0.1] inMXBeanRegistrar$SpringApplicationAdmin : Application shutdown requested.
2019-06-13 10:25:50.042 - INFO 7544 [on(2)-127.0.0.1] ConfigServletWebServerApplicationContext : Closing org.springframework.boot.web.servlet.context.AnnotationConfigServletWebServerApplicationContext@3cebbb30: startup date [Thu Jun 13 10:25:29 CST 2019]; root of context hierarchy
2019-06-13 10:25:50.045 - INFO 7544 [on(2)-127.0.0.1] o.s.c.support.DefaultLifecycleProcessor  : Stopping beans in phase 2147483647
2019-06-13 10:25:50.046 - INFO 7544 [on(2)-127.0.0.1] org.quartz.core.QuartzScheduler          : Scheduler schedulerFactoryBean_$_NON_CLUSTERED paused.
2019-06-13 10:25:50.047 - INFO 7544 [on(2)-127.0.0.1] o.s.c.support.DefaultLifecycleProcessor  : Stopping beans in phase 2147483547
2019-06-13 10:25:50.047 - INFO 7544 [on(2)-127.0.0.1] o.s.c.support.DefaultLifecycleProcessor  : Stopping beans in phase 0
2019-06-13 10:25:50.081 - INFO 7544 [on(2)-127.0.0.1] o.s.j.e.a.AnnotationMBeanExporter        : Unregistering JMX-exposed beans on shutdown
2019-06-13 10:25:50.081 - INFO 7544 [on(2)-127.0.0.1] o.s.j.e.a.AnnotationMBeanExporter        : Unregistering JMX-exposed beans
2019-06-13 10:25:50.084 - INFO 7544 [on(2)-127.0.0.1] o.s.s.concurrent.ThreadPoolTaskExecutor  : Shutting down ExecutorService 'executer'
2019-06-13 10:25:50.086 - INFO 7544 [on(2)-127.0.0.1] o.s.s.quartz.SchedulerFactoryBean        : Shutting down Quartz Scheduler
2019-06-13 10:25:50.086 - INFO 7544 [on(2)-127.0.0.1] org.quartz.core.QuartzScheduler          : Scheduler schedulerFactoryBean_$_NON_CLUSTERED shutting down.
2019-06-13 10:25:50.086 - INFO 7544 [on(2)-127.0.0.1] org.quartz.core.QuartzScheduler          : Scheduler schedulerFactoryBean_$_NON_CLUSTERED paused.
2019-06-13 10:25:50.087 - INFO 7544 [on(2)-127.0.0.1] org.quartz.core.QuartzScheduler          : Scheduler schedulerFactoryBean_$_NON_CLUSTERED shutdown complete.
2019-06-13 10:25:50.093 - INFO 7544 [on(2)-127.0.0.1] com.alibaba.druid.pool.DruidDataSource   : {dataSource-1} closed
